<?xml version="1.0" encoding="UTF-8"?>
<!-- Generated by org.testng.reporters.JUnitXMLReporter -->
<testsuite ignored="0" hostname="DESKTOP-O7TR4TL" failures="0" tests="5" name="Surefire test" time="48.308" errors="0" timestamp="2025-04-15T19:31:34 IST">
  <testcase classname="com.box.tests.HomePageTest" name="verifyTitle" time="5.043"/>
  <testcase classname="com.box.tests.HomePageTest" name="createFolder" time="15.332"/>
  <testcase classname="com.box.tests.LogInPageTest" name="verifyLoginPageTitle" time="0.021"/>
  <testcase classname="com.box.tests.LogInPageTest" name="verifyResetPasswordTest" time="0.062"/>
  <testcase classname="com.box.tests.LogInPageTest" name="loginTest" time="6.36"/>
</testsuite> <!-- Surefire test -->
