<?xml version="1.0" encoding="UTF-8"?>
<!-- Generated by org.testng.reporters.JUnitXMLReporter -->
<testsuite ignored="0" hostname="DESKTOP-O7TR4TL" failures="0" tests="5" name="Surefire test" time="45.175" errors="0" timestamp="30 Apr 2025 14:25:17 GMT">
  <testcase classname="tests.HomePageTest" name="verifyTitle" time="14.066"/>
  <testcase classname="tests.LogInPageTest" name="verifyLoginPageTitle" time="0.013"/>
  <testcase classname="tests.HomePageTest" name="createFolder" time="14.104"/>
  <testcase classname="tests.LogInPageTest" name="verifyResetPasswordTest" time="0.062"/>
  <testcase classname="tests.LogInPageTest" name="loginTest" time="9.204"/>
</testsuite> <!-- Surefire test -->
