<?xml version="1.0" encoding="UTF-8"?>
<!-- Generated by org.testng.reporters.JUnitXMLReporter -->
<testsuite ignored="0" hostname="DESKTOP-O7TR4TL" failures="0" tests="3" name="Default test" time="16.138" errors="0" timestamp="2025-04-05T12:00:26 IST">
  <testcase classname="com.box.tests.LogInPageTest" name="verifyLoginPageTitle" time="0.05"/>
  <testcase classname="com.box.tests.LogInPageTest" name="verifyResetPasswordTest" time="0.08"/>
  <testcase classname="com.box.tests.LogInPageTest" name="loginTest" time="9.18"/>
</testsuite> <!-- Default test -->
