<?xml version="1.0" encoding="UTF-8"?>
<testng-results ignored="0" total="5" passed="5" failed="0" skipped="0">
  <reporter-output>
  </reporter-output>
  <suite started-at="2025-04-15T19:30:46 IST" name="Surefire suite" finished-at="2025-04-15T19:31:34 IST" duration-ms="48308">
    <groups>
    </groups>
    <test started-at="2025-04-15T19:30:46 IST" name="Surefire test" finished-at="2025-04-15T19:31:34 IST" duration-ms="48308">
      <class name="com.box.tests.HomePageTest">
        <test-method is-config="true" signature="setup()[pri:0, instance:com.box.tests.HomePageTest@5223e5ee]" started-at="2025-04-15T19:30:46 IST" name="setup" finished-at="2025-04-15T19:31:03 IST" duration-ms="16946" status="PASS">
          <reporter-output>
          </reporter-output>
        </test-method> <!-- setup -->
        <test-method signature="verifyTitle()[pri:1, instance:com.box.tests.HomePageTest@5223e5ee]" started-at="2025-04-15T19:31:06 IST" name="verifyTitle" finished-at="2025-04-15T19:31:11 IST" duration-ms="5043" status="PASS">
          <reporter-output>
          </reporter-output>
        </test-method> <!-- verifyTitle -->
        <test-method signature="createFolder(java.lang.String,java.lang.String,java.lang.String)[pri:2, instance:com.box.tests.HomePageTest@5223e5ee]" started-at="2025-04-15T19:31:12 IST" name="createFolder" data-provider="createFolder" finished-at="2025-04-15T19:31:27 IST" duration-ms="15332" status="PASS">
          <params>
            <param index="0">
              <value>
                <![CDATA[folder1]]>
              </value>
            </param>
            <param index="1">
              <value>
                <![CDATA[h2so4in2008@gmail.com]]>
              </value>
            </param>
            <param index="2">
              <value>
                <![CDATA[Editor]]>
              </value>
            </param>
          </params>
          <reporter-output>
          </reporter-output>
        </test-method> <!-- createFolder -->
      </class> <!-- com.box.tests.HomePageTest -->
      <class name="com.box.tests.LogInPageTest">
        <test-method is-config="true" signature="setup()[pri:0, instance:com.box.tests.LogInPageTest@659a969b]" started-at="2025-04-15T19:31:03 IST" name="setup" finished-at="2025-04-15T19:31:06 IST" duration-ms="2741" status="PASS">
          <reporter-output>
          </reporter-output>
        </test-method> <!-- setup -->
        <test-method signature="verifyLoginPageTitle()[pri:1, instance:com.box.tests.LogInPageTest@659a969b]" started-at="2025-04-15T19:31:27 IST" name="verifyLoginPageTitle" finished-at="2025-04-15T19:31:27 IST" duration-ms="21" status="PASS">
          <reporter-output>
          </reporter-output>
        </test-method> <!-- verifyLoginPageTitle -->
        <test-method signature="verifyResetPasswordTest()[pri:2, instance:com.box.tests.LogInPageTest@659a969b]" started-at="2025-04-15T19:31:27 IST" name="verifyResetPasswordTest" finished-at="2025-04-15T19:31:28 IST" duration-ms="62" status="PASS">
          <reporter-output>
          </reporter-output>
        </test-method> <!-- verifyResetPasswordTest -->
        <test-method signature="loginTest()[pri:3, instance:com.box.tests.LogInPageTest@659a969b]" started-at="2025-04-15T19:31:28 IST" name="loginTest" finished-at="2025-04-15T19:31:34 IST" duration-ms="6360" status="PASS">
          <reporter-output>
          </reporter-output>
        </test-method> <!-- loginTest -->
        <test-method is-config="true" signature="tearDown()[pri:0, instance:com.box.tests.LogInPageTest@659a969b]" started-at="2025-04-15T19:31:34 IST" name="tearDown" finished-at="2025-04-15T19:31:34 IST" duration-ms="352" status="PASS">
          <reporter-output>
          </reporter-output>
        </test-method> <!-- tearDown -->
      </class> <!-- com.box.tests.LogInPageTest -->
    </test> <!-- Surefire test -->
  </suite> <!-- Surefire suite -->
</testng-results>
