<?xml version="1.0" encoding="UTF-8"?>
<testsuite xmlns:xsi="http://www.w3.org/2001/XMLSchema-instance" xsi:noNamespaceSchemaLocation="https://maven.apache.org/surefire/maven-surefire-plugin/xsd/surefire-test-report.xsd" name="TestSuite" time="45.522" tests="5" errors="0" skipped="0" failures="0">
  <properties>
[...]
</properties>
  <testcase name="verifyTitle" classname="tests.HomePageTest" time="14.068"/>
  <testcase name="verifyLoginPageTitle" classname="tests.LogInPageTest" time="0.014"/>
  <testcase name="createFolder" classname="tests.HomePageTest" time="14.103"/>
  <testcase name="verifyResetPasswordTest" classname="tests.LogInPageTest" time="0.062"/>
  <testcase name="loginTest" classname="tests.LogInPageTest" time="9.205"/>
</testsuite>