<?xml version="1.0" encoding="UTF-8"?>
<!-- Generated by org.testng.reporters.JUnitXMLReporter -->
<testsuite ignored="0" hostname="DESKTOP-O7TR4TL" failures="1" tests="5" name="box" time="52.754" errors="0" timestamp="29 Apr 2025 15:29:16 GMT">
  <testcase classname="tests.LogInPageTest" name="verifyLoginPageTitle" time="0.036"/>
  <testcase classname="tests.HomePageTest" name="verifyTitle" time="5.058">
    <failure type="java.lang.AssertionError" message="expected [All Files | Powered by Box] but found [folder1 | Powered by Box]">
      <![CDATA[java.lang.AssertionError: expected [All Files | Powered by Box] but found [folder1 | Powered by Box]
at tests.HomePageTest.verifyTitle(HomePageTest.java:32)
... Removed 31 stack frames]]>
    </failure>
  </testcase> <!-- verifyTitle -->
  <testcase classname="tests.LogInPageTest" name="verifyResetPasswordTest" time="0.111"/>
  <testcase classname="tests.HomePageTest" name="createFolder" time="14.49"/>
  <testcase classname="tests.LogInPageTest" name="loginTest" time="10.948"/>
</testsuite> <!-- box -->
