<?xml version="1.0" encoding="UTF-8"?>
<!-- Generated by org.testng.reporters.JUnitXMLReporter -->
<testsuite ignored="0" hostname="DESKTOP-O7TR4TL" failures="0" tests="5" name="box" time="42.023" errors="0" timestamp="27 Apr 2025 11:23:34 GMT">
  <testcase classname="tests.LogInPageTest" name="verifyLoginPageTitle" time="0.034"/>
  <testcase classname="tests.HomePageTest" name="verifyTitle" time="5.038"/>
  <testcase classname="tests.LogInPageTest" name="verifyResetPasswordTest" time="0.047"/>
  <testcase classname="tests.HomePageTest" name="createFolder" time="13.658"/>
  <testcase classname="tests.LogInPageTest" name="loginTest" time="9.255"/>
</testsuite> <!-- box -->
